2024-10-22 22:32:41 - root - INFO - Calculator started.
2024-10-22 22:32:49 - root - INFO - Executed command: add with args: [5.0, 3.0], result: 8.0
2024-10-22 22:32:58 - root - INFO - Executed command: subtract with args: [10.0, 4.0], result: 6.0
2024-10-22 22:33:09 - root - INFO - Executed command: multiply with args: [4.0, 8.0], result: 32.0
2024-10-22 22:33:19 - root - INFO - Executed command: divide with args: [16.0, 3.0], result: 5.333333333333333
2024-10-22 22:33:25 - root - INFO - Executed command: remainder with args: [16.0, 3.0], result: 1.0
2024-10-22 22:33:31 - root - INFO - Calculator exited.
2024-10-22 22:40:25 - root - INFO - Calculator started.
2024-10-22 22:40:33 - root - INFO - Executed command: add with args: [456.0, 8.0], result: 464.0
2024-10-22 22:40:37 - root - ERROR - Unexpected error: execute() missing 2 required positional arguments: 'a' and 'b'
2024-10-22 22:40:44 - root - INFO - Executed command: add with args: [-567.0, 89.0], result: -478.0
2024-10-22 22:40:50 - root - WARNING - Unknown command: 34
2024-10-22 22:40:57 - root - INFO - Executed command: add with args: [45.0, 9.0], result: 54.0
2024-10-22 22:41:03 - root - INFO - Executed command: subtract with args: [4.0, 5.0], result: -1.0
2024-10-22 22:41:08 - root - INFO - Executed command: divide with args: [12.0, 3.0], result: 4.0
2024-10-22 22:41:13 - root - INFO - Executed command: remainder with args: [13.0, 3.0], result: 1.0
2024-10-22 22:41:21 - root - WARNING - Unknown command: subr
2024-10-22 22:41:28 - root - INFO - Calculator exited.
2024-10-30 21:05:47 - root - INFO - Calculator started.
2024-10-30 21:06:56 - root - INFO - Calculator exited.
2024-10-30 21:11:15 - root - INFO - Calculator started.
2024-10-30 21:11:22 - root - INFO - Calculator exited.
2024-10-30 21:16:18 - root - INFO - Calculator started.
2024-10-30 21:17:31 - root - INFO - Calculator exited.
2024-10-30 21:19:10 - root - INFO - Calculator started.
2024-10-30 21:19:12 - root - INFO - Calculator exited.
2024-10-30 21:20:41 - root - INFO - Calculator started.
2024-10-30 21:20:44 - root - INFO - Calculator exited.
2024-10-30 21:23:40 - root - INFO - Calculator started.
2024-10-30 21:23:52 - root - INFO - Calculator exited.
2024-10-30 21:24:21 - root - INFO - Calculator started.
2024-10-30 21:24:25 - root - INFO - Calculator exited.
2024-10-30 21:26:08 - root - INFO - Calculator started.
2024-10-30 21:26:12 - root - INFO - Executed command: add with args: [4.0, 5.0], result: 9.0
2024-10-30 21:26:40 - root - INFO - Executed command: remainder with args: [6.0, 3.0], result: 0.0
2024-10-30 21:26:46 - root - INFO - Executed command: divide with args: [6.0, 3.0], result: 2.0
2024-10-30 21:27:00 - root - INFO - Calculator exited.
2024-10-30 21:27:23 - root - INFO - Calculator started.
2024-10-30 21:27:32 - root - INFO - Calculator exited.
2024-11-01 09:12:35 - root - ERROR - Failed to load plugins: [Errno 2] No such file or directory: 'calculator/commands'
2024-11-01 09:12:35 - root - INFO - Calculator started.
2024-11-01 09:12:53 - root - INFO - Executed command: add with args: [1.0, 2.0], result: 3.0
2024-11-01 09:12:59 - root - INFO - Executed command: subtract with args: [3.0, 4.0], result: -1.0
2024-11-01 09:13:05 - root - INFO - Executed command: multiply with args: [7.0, 8.0], result: 56.0
2024-11-01 09:13:14 - root - INFO - Executed command: divide with args: [12.0, 3.0], result: 4.0
2024-11-01 09:13:21 - root - INFO - Executed command: remainder with args: [13.0, 3.0], result: 1.0
2024-11-01 09:13:36 - root - WARNING - Unknown command: clear
2024-11-01 09:13:44 - root - INFO - Calculator exited.
